<?xml version="1.0" encoding="UTF-8"?>
<testng-results ignored="0" total="2" passed="2" failed="0" skipped="0">
  <reporter-output>
  </reporter-output>
  <suite started-at="2021-10-03T12:23:23 EDT" name="Practice Suite" finished-at="2021-10-03T12:23:39 EDT" duration-ms="16080">
    <groups>
    </groups>
    <test started-at="2021-10-03T12:23:23 EDT" name="Open Google" finished-at="2021-10-03T12:23:29 EDT" duration-ms="5931">
      <class name="sam.browser">
        <test-method signature="enterData()[pri:0, instance:sam.browser@31e5415e]" started-at="2021-10-03T12:23:23 EDT" name="enterData" finished-at="2021-10-03T12:23:29 EDT" duration-ms="5751" status="PASS">
          <reporter-output>
          </reporter-output>
        </test-method> <!-- enterData -->
        <test-method is-config="true" signature="clos()[pri:0, instance:sam.browser@31e5415e]" started-at="2021-10-03T12:23:29 EDT" name="clos" finished-at="2021-10-03T12:23:29 EDT" duration-ms="138" status="PASS">
          <reporter-output>
          </reporter-output>
        </test-method> <!-- clos -->
      </class> <!-- sam.browser -->
    </test> <!-- Open Google -->
    <test started-at="2021-10-03T12:23:29 EDT" name="Open Facebook" finished-at="2021-10-03T12:23:39 EDT" duration-ms="10075">
      <class name="sam.open">
        <test-method signature="openFacebook()[pri:0, instance:sam.open@32b260fa]" started-at="2021-10-03T12:23:29 EDT" name="openFacebook" finished-at="2021-10-03T12:23:35 EDT" duration-ms="5896" status="PASS">
          <reporter-output>
          </reporter-output>
        </test-method> <!-- openFacebook -->
        <test-method is-config="true" signature="close()[pri:0, instance:sam.open@32b260fa]" started-at="2021-10-03T12:23:35 EDT" name="close" finished-at="2021-10-03T12:23:39 EDT" duration-ms="4176" status="PASS">
          <reporter-output>
          </reporter-output>
        </test-method> <!-- close -->
      </class> <!-- sam.open -->
    </test> <!-- Open Facebook -->
  </suite> <!-- Practice Suite -->
</testng-results>
