<?xml version="1.0" encoding="UTF-8"?>
<testng-results ignored="0" total="1" passed="1" failed="0" skipped="0">
  <reporter-output>
  </reporter-output>
  <suite started-at="2021-10-06T21:30:56 EDT" name="Default suite" finished-at="2021-10-06T21:31:12 EDT" duration-ms="16247">
    <groups>
    </groups>
    <test started-at="2021-10-06T21:30:56 EDT" name="Default test" finished-at="2021-10-06T21:31:12 EDT" duration-ms="16247">
      <class name="sam.open">
        <test-method signature="openFacebook()[pri:0, instance:sam.open@a530d0a]" started-at="2021-10-06T21:30:56 EDT" name="openFacebook" finished-at="2021-10-06T21:31:08 EDT" duration-ms="11961" status="PASS">
          <reporter-output>
          </reporter-output>
        </test-method> <!-- openFacebook -->
        <test-method is-config="true" signature="close()[pri:0, instance:sam.open@a530d0a]" started-at="2021-10-06T21:31:08 EDT" name="close" finished-at="2021-10-06T21:31:12 EDT" duration-ms="4238" status="PASS">
          <reporter-output>
          </reporter-output>
        </test-method> <!-- close -->
      </class> <!-- sam.open -->
    </test> <!-- Default test -->
  </suite> <!-- Default suite -->
</testng-results>
